Power Metal Collection v2
Title: Dream Evil Falling (subtitulos español), Search: DREAM EVIL FALLING, URL: https://www.youtube.com/watch?v=9wQ5YtA19LU, Duration: 4:03
Title: Crystallion - Crystal Clear, Search: CRYSTALLION - CRYSTAL CLEAR, URL: https://www.youtube.com/watch?v=qllRVZnpttM, Duration: 6:14
Title: Edguy - Rise of the Morning Glory, Search: EDGUY - RISE OF THE MORNING GLORY, URL: https://www.youtube.com/watch?v=1UmMCtVTqr0, Duration: 4:41
Title: Metalforce - Melt Thy Steel, Search: METALFORCE - MELT THY STEEL, URL: https://www.youtube.com/watch?v=AKBBYOpUQFg, Duration: 5:18
Title: Olympos Mons - Lady in White, Search: OLYMPOS MONS - LADY IN WHITE, URL: https://www.youtube.com/watch?v=XlHw5y235Uw, Duration: 5:39
Title: Axel Rudi Pell - Flyin' High, Search: AXEL RUDI PELL - FLYIN' HIGH, URL: https://www.youtube.com/watch?v=fK0XVz-oTj8, Duration: 4:02
Title: Ceremony, Search: MOONLIGHT AGONY - CEREMONY, URL: https://www.youtube.com/watch?v=tWJNH3uZfuw, Duration: 5:02
FAILURE:7 Thorns - Until Freedom Last's Forever:
Title: Ode to Joy, Search: HEAVENLY - ODE TO JOY, URL: https://www.youtube.com/watch?v=MpYdxisNiys, Duration: 4:53
Title: A New World, Search: DARK MOOR - A NEW WORLD, URL: https://www.youtube.com/watch?v=3ZV7IXpaKKE, Duration: 5:57
Title: Luca Turilli - War Of The Universe, Search: LUCA TURILLI - WAR OF THE UNIVERSE, URL: https://www.youtube.com/watch?v=uU0xnpP3D60, Duration: 4:19
Title: POWERWOLF - Resurrection By Erection - Bloodstock 2019, Search: POWERWOLF - RESURRECTION BY ERECTION, URL: https://www.youtube.com/watch?v=uPs6fPyoi4w, Duration: 4:37
Title: Divine, Search: DIONYSUS - DIVINE, URL: https://www.youtube.com/watch?v=0s72qU6NcSY, Duration: 4:10
Title: Saint Deamon - Oceans Of Glory, Search: SAINT DEAMON - OCEANS OF GLORY, URL: https://www.youtube.com/watch?v=OVZVlOHvOcw, Duration: 6:05
Title: And Let the Show Begin, Search: AQUARIA AND - LET THE SHOW BEGIN, URL: https://www.youtube.com/watch?v=L9Ub_vHQ3MM, Duration: 7:30
Title: AXXIS - Underworld, Search: AXXIS - UNDERWORLD, URL: https://www.youtube.com/watch?v=KeIsgqahf-g, Duration: 3:58
Title: Ring Of Fire - Circle Of Time, Search: RING OF FIRE - CIRCLE OF TIME, URL: https://www.youtube.com/watch?v=tjC1smn6D48, Duration: 5:33
Title: Give Me Your Helping Hand, Search: SYMPHONITY - GIVE ME YOUR HELPING HAND, URL: https://www.youtube.com/watch?v=A-7t_q75h9s, Duration: 5:09
Title: Fairyland - The Fellowship, Search: FAIRYLAND - THE FELLOWSHIP, URL: https://www.youtube.com/watch?v=b5OkbZdcCRg, Duration: 6:24
Title: We Will Never Die(Frets on Fire) - Dark Empire, Search: DARK EMPIRE - WE WILL NEVER, URL: https://www.youtube.com/watch?v=yWZUvyYiyx0, Duration: 6:14
FAILURE:AXXIS - MY FATHER S EYES:
failure
